

Started GET "/" for 127.0.0.1 at 2014-05-26 11:30:38 -0500
Processing by Rails::WelcomeController#index as HTML
  Rendered /Users/richvogt/.rvm/gems/ruby-2.1.1@workout-log/gems/railties-4.1.1/lib/rails/templates/rails/welcome/index.html.erb (1.2ms)
Completed 200 OK in 13ms (Views: 5.1ms | ActiveRecord: 0.0ms)


Started GET "/rails/info/properties" for 127.0.0.1 at 2014-05-26 11:30:42 -0500
Processing by Rails::InfoController#properties as */*
  Rendered /Users/richvogt/.rvm/gems/ruby-2.1.1@workout-log/gems/railties-4.1.1/lib/rails/templates/rails/info/properties.html.erb (0.3ms)
Completed 200 OK in 23ms (Views: 7.2ms | ActiveRecord: 0.8ms)


Started GET "/" for 127.0.0.1 at 2014-05-26 15:00:38 -0500
Processing by Rails::WelcomeController#index as HTML
  Rendered /Users/richvogt/.rvm/gems/ruby-2.1.1@workout-log/gems/railties-4.1.1/lib/rails/templates/rails/welcome/index.html.erb (1.8ms)
Completed 200 OK in 47ms (Views: 40.7ms | ActiveRecord: 0.0ms)


Started GET "/" for 127.0.0.1 at 2014-05-26 15:00:42 -0500
Processing by Rails::WelcomeController#index as HTML
  Rendered /Users/richvogt/.rvm/gems/ruby-2.1.1@workout-log/gems/railties-4.1.1/lib/rails/templates/rails/welcome/index.html.erb (0.0ms)
Completed 200 OK in 1ms (Views: 0.9ms | ActiveRecord: 0.0ms)


Started GET "/index" for 127.0.0.1 at 2014-05-26 15:00:47 -0500

ActionController::RoutingError (No route matches [GET] "/index"):
  actionpack (4.1.1) lib/action_dispatch/middleware/debug_exceptions.rb:21:in `call'
  actionpack (4.1.1) lib/action_dispatch/middleware/show_exceptions.rb:30:in `call'
  railties (4.1.1) lib/rails/rack/logger.rb:38:in `call_app'
  railties (4.1.1) lib/rails/rack/logger.rb:20:in `block in call'
  activesupport (4.1.1) lib/active_support/tagged_logging.rb:68:in `block in tagged'
  activesupport (4.1.1) lib/active_support/tagged_logging.rb:26:in `tagged'
  activesupport (4.1.1) lib/active_support/tagged_logging.rb:68:in `tagged'
  railties (4.1.1) lib/rails/rack/logger.rb:20:in `call'
  actionpack (4.1.1) lib/action_dispatch/middleware/request_id.rb:21:in `call'
  rack (1.5.2) lib/rack/methodoverride.rb:21:in `call'
  rack (1.5.2) lib/rack/runtime.rb:17:in `call'
  activesupport (4.1.1) lib/active_support/cache/strategy/local_cache_middleware.rb:26:in `call'
  rack (1.5.2) lib/rack/lock.rb:17:in `call'
  actionpack (4.1.1) lib/action_dispatch/middleware/static.rb:64:in `call'
  rack (1.5.2) lib/rack/sendfile.rb:112:in `call'
  railties (4.1.1) lib/rails/engine.rb:514:in `call'
  railties (4.1.1) lib/rails/application.rb:144:in `call'
  rack (1.5.2) lib/rack/lock.rb:17:in `call'
  rack (1.5.2) lib/rack/content_length.rb:14:in `call'
  rack (1.5.2) lib/rack/handler/webrick.rb:60:in `service'
  /Users/richvogt/.rvm/rubies/ruby-2.1.1/lib/ruby/2.1.0/webrick/httpserver.rb:138:in `service'
  /Users/richvogt/.rvm/rubies/ruby-2.1.1/lib/ruby/2.1.0/webrick/httpserver.rb:94:in `run'
  /Users/richvogt/.rvm/rubies/ruby-2.1.1/lib/ruby/2.1.0/webrick/server.rb:295:in `block in start_thread'


  Rendered /Users/richvogt/.rvm/gems/ruby-2.1.1@workout-log/gems/actionpack-4.1.1/lib/action_dispatch/middleware/templates/rescues/_trace.html.erb (0.8ms)
  Rendered /Users/richvogt/.rvm/gems/ruby-2.1.1@workout-log/gems/actionpack-4.1.1/lib/action_dispatch/middleware/templates/routes/_route.html.erb (0.7ms)
  Rendered /Users/richvogt/.rvm/gems/ruby-2.1.1@workout-log/gems/actionpack-4.1.1/lib/action_dispatch/middleware/templates/routes/_table.html.erb (22.6ms)
  Rendered /Users/richvogt/.rvm/gems/ruby-2.1.1@workout-log/gems/actionpack-4.1.1/lib/action_dispatch/middleware/templates/rescues/routing_error.html.erb within rescues/layout (53.5ms)


Started GET "/welcome/index" for 127.0.0.1 at 2014-05-26 15:01:03 -0500
Processing by WelcomeController#index as HTML
  Rendered welcome/index.html.erb within layouts/application (0.6ms)
Completed 200 OK in 836ms (Views: 834.9ms | ActiveRecord: 0.0ms)


Started GET "/assets/welcome.css?body=1" for 127.0.0.1 at 2014-05-26 15:01:04 -0500


Started GET "/assets/application.css?body=1" for 127.0.0.1 at 2014-05-26 15:01:04 -0500


Started GET "/assets/jquery.js?body=1" for 127.0.0.1 at 2014-05-26 15:01:04 -0500


Started GET "/assets/turbolinks.js?body=1" for 127.0.0.1 at 2014-05-26 15:01:04 -0500


Started GET "/assets/jquery_ujs.js?body=1" for 127.0.0.1 at 2014-05-26 15:01:04 -0500


Started GET "/assets/application.js?body=1" for 127.0.0.1 at 2014-05-26 15:01:04 -0500


Started GET "/assets/welcome.js?body=1" for 127.0.0.1 at 2014-05-26 15:01:04 -0500


Started GET "/workouts/index" for 127.0.0.1 at 2014-05-26 17:47:01 -0500
Processing by WorkoutsController#show as HTML
  Parameters: {"id"=>"index"}
Completed 500 Internal Server Error in 15ms

ActionView::MissingTemplate (Missing template workouts/show, application/show with {:locale=>[:en], :formats=>[:html], :variants=>[], :handlers=>[:erb, :builder, :raw, :ruby, :jbuilder, :coffee]}. Searched in:
  * "/Users/richvogt/Code/rails_projects/rails4/wrkt/app/views"
):
  actionview (4.1.1) lib/action_view/path_set.rb:46:in `find'
  actionview (4.1.1) lib/action_view/lookup_context.rb:124:in `find'
  actionview (4.1.1) lib/action_view/renderer/abstract_renderer.rb:18:in `find_template'
  actionview (4.1.1) lib/action_view/renderer/template_renderer.rb:41:in `determine_template'
  actionview (4.1.1) lib/action_view/renderer/template_renderer.rb:8:in `render'
  actionview (4.1.1) lib/action_view/renderer/renderer.rb:42:in `render_template'
  actionview (4.1.1) lib/action_view/renderer/renderer.rb:23:in `render'
  actionview (4.1.1) lib/action_view/rendering.rb:99:in `_render_template'
  actionpack (4.1.1) lib/action_controller/metal/streaming.rb:217:in `_render_template'
  actionview (4.1.1) lib/action_view/rendering.rb:82:in `render_to_body'
  actionpack (4.1.1) lib/action_controller/metal/rendering.rb:32:in `render_to_body'
  actionpack (4.1.1) lib/action_controller/metal/renderers.rb:32:in `render_to_body'
  actionpack (4.1.1) lib/abstract_controller/rendering.rb:25:in `render'
  actionpack (4.1.1) lib/action_controller/metal/rendering.rb:16:in `render'
  actionpack (4.1.1) lib/action_controller/metal/instrumentation.rb:41:in `block (2 levels) in render'
  activesupport (4.1.1) lib/active_support/core_ext/benchmark.rb:12:in `block in ms'
  /Users/richvogt/.rvm/rubies/ruby-2.1.1/lib/ruby/2.1.0/benchmark.rb:294:in `realtime'
  activesupport (4.1.1) lib/active_support/core_ext/benchmark.rb:12:in `ms'
  actionpack (4.1.1) lib/action_controller/metal/instrumentation.rb:41:in `block in render'
  actionpack (4.1.1) lib/action_controller/metal/instrumentation.rb:84:in `cleanup_view_runtime'
  activerecord (4.1.1) lib/active_record/railties/controller_runtime.rb:25:in `cleanup_view_runtime'
  actionpack (4.1.1) lib/action_controller/metal/instrumentation.rb:40:in `render'
  actionpack (4.1.1) lib/action_controller/metal/implicit_render.rb:10:in `default_render'
  actionpack (4.1.1) lib/action_controller/metal/implicit_render.rb:5:in `send_action'
  actionpack (4.1.1) lib/abstract_controller/base.rb:189:in `process_action'
  actionpack (4.1.1) lib/action_controller/metal/rendering.rb:10:in `process_action'
  actionpack (4.1.1) lib/abstract_controller/callbacks.rb:20:in `block in process_action'
  activesupport (4.1.1) lib/active_support/callbacks.rb:113:in `call'
  activesupport (4.1.1) lib/active_support/callbacks.rb:113:in `call'
  activesupport (4.1.1) lib/active_support/callbacks.rb:229:in `block in halting'
  activesupport (4.1.1) lib/active_support/callbacks.rb:229:in `call'
  activesupport (4.1.1) lib/active_support/callbacks.rb:229:in `block in halting'
  activesupport (4.1.1) lib/active_support/callbacks.rb:166:in `call'
  activesupport (4.1.1) lib/active_support/callbacks.rb:166:in `block in halting'
  activesupport (4.1.1) lib/active_support/callbacks.rb:166:in `call'
  activesupport (4.1.1) lib/active_support/callbacks.rb:166:in `block in halting'
  activesupport (4.1.1) lib/active_support/callbacks.rb:166:in `call'
  activesupport (4.1.1) lib/active_support/callbacks.rb:166:in `block in halting'
  activesupport (4.1.1) lib/active_support/callbacks.rb:86:in `call'
  activesupport (4.1.1) lib/active_support/callbacks.rb:86:in `run_callbacks'
  actionpack (4.1.1) lib/abstract_controller/callbacks.rb:19:in `process_action'
  actionpack (4.1.1) lib/action_controller/metal/rescue.rb:29:in `process_action'
  actionpack (4.1.1) lib/action_controller/metal/instrumentation.rb:31:in `block in process_action'
  activesupport (4.1.1) lib/active_support/notifications.rb:159:in `block in instrument'
  activesupport (4.1.1) lib/active_support/notifications/instrumenter.rb:20:in `instrument'
  activesupport (4.1.1) lib/active_support/notifications.rb:159:in `instrument'
  actionpack (4.1.1) lib/action_controller/metal/instrumentation.rb:30:in `process_action'
  actionpack (4.1.1) lib/action_controller/metal/params_wrapper.rb:250:in `process_action'
  activerecord (4.1.1) lib/active_record/railties/controller_runtime.rb:18:in `process_action'
  actionpack (4.1.1) lib/abstract_controller/base.rb:136:in `process'
  actionview (4.1.1) lib/action_view/rendering.rb:30:in `process'
  actionpack (4.1.1) lib/action_controller/metal.rb:195:in `dispatch'
  actionpack (4.1.1) lib/action_controller/metal/rack_delegation.rb:13:in `dispatch'
  actionpack (4.1.1) lib/action_controller/metal.rb:231:in `block in action'
  actionpack (4.1.1) lib/action_dispatch/routing/route_set.rb:80:in `call'
  actionpack (4.1.1) lib/action_dispatch/routing/route_set.rb:80:in `dispatch'
  actionpack (4.1.1) lib/action_dispatch/routing/route_set.rb:48:in `call'
  actionpack (4.1.1) lib/action_dispatch/journey/router.rb:71:in `block in call'
  actionpack (4.1.1) lib/action_dispatch/journey/router.rb:59:in `each'
  actionpack (4.1.1) lib/action_dispatch/journey/router.rb:59:in `call'
  actionpack (4.1.1) lib/action_dispatch/routing/route_set.rb:676:in `call'
  rack (1.5.2) lib/rack/etag.rb:23:in `call'
  rack (1.5.2) lib/rack/conditionalget.rb:25:in `call'
  rack (1.5.2) lib/rack/head.rb:11:in `call'
  actionpack (4.1.1) lib/action_dispatch/middleware/params_parser.rb:27:in `call'
  actionpack (4.1.1) lib/action_dispatch/middleware/flash.rb:254:in `call'
  rack (1.5.2) lib/rack/session/abstract/id.rb:225:in `context'
  rack (1.5.2) lib/rack/session/abstract/id.rb:220:in `call'
  actionpack (4.1.1) lib/action_dispatch/middleware/cookies.rb:560:in `call'
  activerecord (4.1.1) lib/active_record/query_cache.rb:36:in `call'
  activerecord (4.1.1) lib/active_record/connection_adapters/abstract/connection_pool.rb:621:in `call'
  activerecord (4.1.1) lib/active_record/migration.rb:380:in `call'
  actionpack (4.1.1) lib/action_dispatch/middleware/callbacks.rb:29:in `block in call'
  activesupport (4.1.1) lib/active_support/callbacks.rb:82:in `run_callbacks'
  actionpack (4.1.1) lib/action_dispatch/middleware/callbacks.rb:27:in `call'
  actionpack (4.1.1) lib/action_dispatch/middleware/reloader.rb:73:in `call'
  actionpack (4.1.1) lib/action_dispatch/middleware/remote_ip.rb:76:in `call'
  actionpack (4.1.1) lib/action_dispatch/middleware/debug_exceptions.rb:17:in `call'
  actionpack (4.1.1) lib/action_dispatch/middleware/show_exceptions.rb:30:in `call'
  railties (4.1.1) lib/rails/rack/logger.rb:38:in `call_app'
  railties (4.1.1) lib/rails/rack/logger.rb:20:in `block in call'
  activesupport (4.1.1) lib/active_support/tagged_logging.rb:68:in `block in tagged'
  activesupport (4.1.1) lib/active_support/tagged_logging.rb:26:in `tagged'
  activesupport (4.1.1) lib/active_support/tagged_logging.rb:68:in `tagged'
  railties (4.1.1) lib/rails/rack/logger.rb:20:in `call'
  actionpack (4.1.1) lib/action_dispatch/middleware/request_id.rb:21:in `call'
  rack (1.5.2) lib/rack/methodoverride.rb:21:in `call'
  rack (1.5.2) lib/rack/runtime.rb:17:in `call'
  activesupport (4.1.1) lib/active_support/cache/strategy/local_cache_middleware.rb:26:in `call'
  rack (1.5.2) lib/rack/lock.rb:17:in `call'
  actionpack (4.1.1) lib/action_dispatch/middleware/static.rb:64:in `call'
  rack (1.5.2) lib/rack/sendfile.rb:112:in `call'
  railties (4.1.1) lib/rails/engine.rb:514:in `call'
  railties (4.1.1) lib/rails/application.rb:144:in `call'
  rack (1.5.2) lib/rack/lock.rb:17:in `call'
  rack (1.5.2) lib/rack/content_length.rb:14:in `call'
  rack (1.5.2) lib/rack/handler/webrick.rb:60:in `service'
  /Users/richvogt/.rvm/rubies/ruby-2.1.1/lib/ruby/2.1.0/webrick/httpserver.rb:138:in `service'
  /Users/richvogt/.rvm/rubies/ruby-2.1.1/lib/ruby/2.1.0/webrick/httpserver.rb:94:in `run'
  /Users/richvogt/.rvm/rubies/ruby-2.1.1/lib/ruby/2.1.0/webrick/server.rb:295:in `block in start_thread'


  Rendered /Users/richvogt/.rvm/gems/ruby-2.1.1@workout-log/gems/actionpack-4.1.1/lib/action_dispatch/middleware/templates/rescues/missing_template.html.erb within rescues/layout (0.4ms)


Started GET "/workouts/new" for 127.0.0.1 at 2014-05-26 17:47:07 -0500
Processing by WorkoutsController#new as HTML
Completed 500 Internal Server Error in 2ms

ActionView::MissingTemplate (Missing template workouts/new, application/new with {:locale=>[:en], :formats=>[:html], :variants=>[], :handlers=>[:erb, :builder, :raw, :ruby, :jbuilder, :coffee]}. Searched in:
  * "/Users/richvogt/Code/rails_projects/rails4/wrkt/app/views"
):
  actionview (4.1.1) lib/action_view/path_set.rb:46:in `find'
  actionview (4.1.1) lib/action_view/lookup_context.rb:124:in `find'
  actionview (4.1.1) lib/action_view/renderer/abstract_renderer.rb:18:in `find_template'
  actionview (4.1.1) lib/action_view/renderer/template_renderer.rb:41:in `determine_template'
  actionview (4.1.1) lib/action_view/renderer/template_renderer.rb:8:in `render'
  actionview (4.1.1) lib/action_view/renderer/renderer.rb:42:in `render_template'
  actionview (4.1.1) lib/action_view/renderer/renderer.rb:23:in `render'
  actionview (4.1.1) lib/action_view/rendering.rb:99:in `_render_template'
  actionpack (4.1.1) lib/action_controller/metal/streaming.rb:217:in `_render_template'
  actionview (4.1.1) lib/action_view/rendering.rb:82:in `render_to_body'
  actionpack (4.1.1) lib/action_controller/metal/rendering.rb:32:in `render_to_body'
  actionpack (4.1.1) lib/action_controller/metal/renderers.rb:32:in `render_to_body'
  actionpack (4.1.1) lib/abstract_controller/rendering.rb:25:in `render'
  actionpack (4.1.1) lib/action_controller/metal/rendering.rb:16:in `render'
  actionpack (4.1.1) lib/action_controller/metal/instrumentation.rb:41:in `block (2 levels) in render'
  activesupport (4.1.1) lib/active_support/core_ext/benchmark.rb:12:in `block in ms'
  /Users/richvogt/.rvm/rubies/ruby-2.1.1/lib/ruby/2.1.0/benchmark.rb:294:in `realtime'
  activesupport (4.1.1) lib/active_support/core_ext/benchmark.rb:12:in `ms'
  actionpack (4.1.1) lib/action_controller/metal/instrumentation.rb:41:in `block in render'
  actionpack (4.1.1) lib/action_controller/metal/instrumentation.rb:84:in `cleanup_view_runtime'
  activerecord (4.1.1) lib/active_record/railties/controller_runtime.rb:25:in `cleanup_view_runtime'
  actionpack (4.1.1) lib/action_controller/metal/instrumentation.rb:40:in `render'
  actionpack (4.1.1) lib/action_controller/metal/implicit_render.rb:10:in `default_render'
  actionpack (4.1.1) lib/action_controller/metal/implicit_render.rb:5:in `send_action'
  actionpack (4.1.1) lib/abstract_controller/base.rb:189:in `process_action'
  actionpack (4.1.1) lib/action_controller/metal/rendering.rb:10:in `process_action'
  actionpack (4.1.1) lib/abstract_controller/callbacks.rb:20:in `block in process_action'
  activesupport (4.1.1) lib/active_support/callbacks.rb:113:in `call'
  activesupport (4.1.1) lib/active_support/callbacks.rb:113:in `call'
  activesupport (4.1.1) lib/active_support/callbacks.rb:229:in `block in halting'
  activesupport (4.1.1) lib/active_support/callbacks.rb:229:in `call'
  activesupport (4.1.1) lib/active_support/callbacks.rb:229:in `block in halting'
  activesupport (4.1.1) lib/active_support/callbacks.rb:166:in `call'
  activesupport (4.1.1) lib/active_support/callbacks.rb:166:in `block in halting'
  activesupport (4.1.1) lib/active_support/callbacks.rb:166:in `call'
  activesupport (4.1.1) lib/active_support/callbacks.rb:166:in `block in halting'
  activesupport (4.1.1) lib/active_support/callbacks.rb:166:in `call'
  activesupport (4.1.1) lib/active_support/callbacks.rb:166:in `block in halting'
  activesupport (4.1.1) lib/active_support/callbacks.rb:86:in `call'
  activesupport (4.1.1) lib/active_support/callbacks.rb:86:in `run_callbacks'
  actionpack (4.1.1) lib/abstract_controller/callbacks.rb:19:in `process_action'
  actionpack (4.1.1) lib/action_controller/metal/rescue.rb:29:in `process_action'
  actionpack (4.1.1) lib/action_controller/metal/instrumentation.rb:31:in `block in process_action'
  activesupport (4.1.1) lib/active_support/notifications.rb:159:in `block in instrument'
  activesupport (4.1.1) lib/active_support/notifications/instrumenter.rb:20:in `instrument'
  activesupport (4.1.1) lib/active_support/notifications.rb:159:in `instrument'
  actionpack (4.1.1) lib/action_controller/metal/instrumentation.rb:30:in `process_action'
  actionpack (4.1.1) lib/action_controller/metal/params_wrapper.rb:250:in `process_action'
  activerecord (4.1.1) lib/active_record/railties/controller_runtime.rb:18:in `process_action'
  actionpack (4.1.1) lib/abstract_controller/base.rb:136:in `process'
  actionview (4.1.1) lib/action_view/rendering.rb:30:in `process'
  actionpack (4.1.1) lib/action_controller/metal.rb:195:in `dispatch'
  actionpack (4.1.1) lib/action_controller/metal/rack_delegation.rb:13:in `dispatch'
  actionpack (4.1.1) lib/action_controller/metal.rb:231:in `block in action'
  actionpack (4.1.1) lib/action_dispatch/routing/route_set.rb:80:in `call'
  actionpack (4.1.1) lib/action_dispatch/routing/route_set.rb:80:in `dispatch'
  actionpack (4.1.1) lib/action_dispatch/routing/route_set.rb:48:in `call'
  actionpack (4.1.1) lib/action_dispatch/journey/router.rb:71:in `block in call'
  actionpack (4.1.1) lib/action_dispatch/journey/router.rb:59:in `each'
  actionpack (4.1.1) lib/action_dispatch/journey/router.rb:59:in `call'
  actionpack (4.1.1) lib/action_dispatch/routing/route_set.rb:676:in `call'
  rack (1.5.2) lib/rack/etag.rb:23:in `call'
  rack (1.5.2) lib/rack/conditionalget.rb:25:in `call'
  rack (1.5.2) lib/rack/head.rb:11:in `call'
  actionpack (4.1.1) lib/action_dispatch/middleware/params_parser.rb:27:in `call'
  actionpack (4.1.1) lib/action_dispatch/middleware/flash.rb:254:in `call'
  rack (1.5.2) lib/rack/session/abstract/id.rb:225:in `context'
  rack (1.5.2) lib/rack/session/abstract/id.rb:220:in `call'
  actionpack (4.1.1) lib/action_dispatch/middleware/cookies.rb:560:in `call'
  activerecord (4.1.1) lib/active_record/query_cache.rb:36:in `call'
  activerecord (4.1.1) lib/active_record/connection_adapters/abstract/connection_pool.rb:621:in `call'
  activerecord (4.1.1) lib/active_record/migration.rb:380:in `call'
  actionpack (4.1.1) lib/action_dispatch/middleware/callbacks.rb:29:in `block in call'
  activesupport (4.1.1) lib/active_support/callbacks.rb:82:in `run_callbacks'
  actionpack (4.1.1) lib/action_dispatch/middleware/callbacks.rb:27:in `call'
  actionpack (4.1.1) lib/action_dispatch/middleware/reloader.rb:73:in `call'
  actionpack (4.1.1) lib/action_dispatch/middleware/remote_ip.rb:76:in `call'
  actionpack (4.1.1) lib/action_dispatch/middleware/debug_exceptions.rb:17:in `call'
  actionpack (4.1.1) lib/action_dispatch/middleware/show_exceptions.rb:30:in `call'
  railties (4.1.1) lib/rails/rack/logger.rb:38:in `call_app'
  railties (4.1.1) lib/rails/rack/logger.rb:20:in `block in call'
  activesupport (4.1.1) lib/active_support/tagged_logging.rb:68:in `block in tagged'
  activesupport (4.1.1) lib/active_support/tagged_logging.rb:26:in `tagged'
  activesupport (4.1.1) lib/active_support/tagged_logging.rb:68:in `tagged'
  railties (4.1.1) lib/rails/rack/logger.rb:20:in `call'
  actionpack (4.1.1) lib/action_dispatch/middleware/request_id.rb:21:in `call'
  rack (1.5.2) lib/rack/methodoverride.rb:21:in `call'
  rack (1.5.2) lib/rack/runtime.rb:17:in `call'
  activesupport (4.1.1) lib/active_support/cache/strategy/local_cache_middleware.rb:26:in `call'
  rack (1.5.2) lib/rack/lock.rb:17:in `call'
  actionpack (4.1.1) lib/action_dispatch/middleware/static.rb:64:in `call'
  rack (1.5.2) lib/rack/sendfile.rb:112:in `call'
  railties (4.1.1) lib/rails/engine.rb:514:in `call'
  railties (4.1.1) lib/rails/application.rb:144:in `call'
  rack (1.5.2) lib/rack/lock.rb:17:in `call'
  rack (1.5.2) lib/rack/content_length.rb:14:in `call'
  rack (1.5.2) lib/rack/handler/webrick.rb:60:in `service'
  /Users/richvogt/.rvm/rubies/ruby-2.1.1/lib/ruby/2.1.0/webrick/httpserver.rb:138:in `service'
  /Users/richvogt/.rvm/rubies/ruby-2.1.1/lib/ruby/2.1.0/webrick/httpserver.rb:94:in `run'
  /Users/richvogt/.rvm/rubies/ruby-2.1.1/lib/ruby/2.1.0/webrick/server.rb:295:in `block in start_thread'


  Rendered /Users/richvogt/.rvm/gems/ruby-2.1.1@workout-log/gems/actionpack-4.1.1/lib/action_dispatch/middleware/templates/rescues/missing_template.html.erb within rescues/layout (0.4ms)


Started GET "/workouts/new" for 127.0.0.1 at 2014-05-26 17:55:00 -0500
Processing by WorkoutsController#new as HTML
  Rendered workouts/new.html.erb within layouts/application (8.9ms)
Completed 200 OK in 271ms (Views: 270.3ms | ActiveRecord: 0.0ms)


Started GET "/assets/welcome.css?body=1" for 127.0.0.1 at 2014-05-26 17:55:00 -0500


Started GET "/assets/workouts.css?body=1" for 127.0.0.1 at 2014-05-26 17:55:00 -0500


Started GET "/assets/application.css?body=1" for 127.0.0.1 at 2014-05-26 17:55:00 -0500


Started GET "/assets/jquery.js?body=1" for 127.0.0.1 at 2014-05-26 17:55:00 -0500


Started GET "/assets/turbolinks.js?body=1" for 127.0.0.1 at 2014-05-26 17:55:00 -0500


Started GET "/assets/welcome.js?body=1" for 127.0.0.1 at 2014-05-26 17:55:00 -0500


Started GET "/assets/jquery_ujs.js?body=1" for 127.0.0.1 at 2014-05-26 17:55:00 -0500


Started GET "/assets/workouts.js?body=1" for 127.0.0.1 at 2014-05-26 17:55:00 -0500


Started GET "/assets/application.js?body=1" for 127.0.0.1 at 2014-05-26 17:55:00 -0500


Started GET "/workouts/new" for 127.0.0.1 at 2014-05-26 17:59:50 -0500
Processing by WorkoutsController#new as HTML
  Rendered workouts/new.html.erb within layouts/application (2.4ms)
Completed 200 OK in 7ms (Views: 6.5ms | ActiveRecord: 0.0ms)


Started GET "/assets/welcome.css?body=1" for 127.0.0.1 at 2014-05-26 17:59:50 -0500


Started GET "/assets/application.css?body=1" for 127.0.0.1 at 2014-05-26 17:59:50 -0500


Started GET "/assets/workouts.css?body=1" for 127.0.0.1 at 2014-05-26 17:59:50 -0500


Started GET "/assets/jquery.js?body=1" for 127.0.0.1 at 2014-05-26 17:59:50 -0500


Started GET "/assets/jquery_ujs.js?body=1" for 127.0.0.1 at 2014-05-26 17:59:50 -0500


Started GET "/assets/turbolinks.js?body=1" for 127.0.0.1 at 2014-05-26 17:59:50 -0500


Started GET "/assets/welcome.js?body=1" for 127.0.0.1 at 2014-05-26 17:59:50 -0500


Started GET "/assets/workouts.js?body=1" for 127.0.0.1 at 2014-05-26 17:59:50 -0500


Started GET "/assets/application.js?body=1" for 127.0.0.1 at 2014-05-26 17:59:50 -0500


Started POST "/workouts" for 127.0.0.1 at 2014-05-26 18:01:17 -0500
Processing by WorkoutsController#create as HTML
  Parameters: {"utf8"=>"✓", "authenticity_token"=>"amFazocDrg66C8hPgl1Hy1qazOtjdEfr4SEm7GfgJQc=", "workout"=>{"title"=>"Hi mom", "text"=>"your mom"}, "commit"=>"Save Workout"}
Completed 500 Internal Server Error in 2ms

ActionView::MissingTemplate (Missing template workouts/create, application/create with {:locale=>[:en], :formats=>[:html], :variants=>[], :handlers=>[:erb, :builder, :raw, :ruby, :jbuilder, :coffee]}. Searched in:
  * "/Users/richvogt/Code/rails_projects/rails4/wrkt/app/views"
):
  actionview (4.1.1) lib/action_view/path_set.rb:46:in `find'
  actionview (4.1.1) lib/action_view/lookup_context.rb:124:in `find'
  actionview (4.1.1) lib/action_view/renderer/abstract_renderer.rb:18:in `find_template'
  actionview (4.1.1) lib/action_view/renderer/template_renderer.rb:41:in `determine_template'
  actionview (4.1.1) lib/action_view/renderer/template_renderer.rb:8:in `render'
  actionview (4.1.1) lib/action_view/renderer/renderer.rb:42:in `render_template'
  actionview (4.1.1) lib/action_view/renderer/renderer.rb:23:in `render'
  actionview (4.1.1) lib/action_view/rendering.rb:99:in `_render_template'
  actionpack (4.1.1) lib/action_controller/metal/streaming.rb:217:in `_render_template'
  actionview (4.1.1) lib/action_view/rendering.rb:82:in `render_to_body'
  actionpack (4.1.1) lib/action_controller/metal/rendering.rb:32:in `render_to_body'
  actionpack (4.1.1) lib/action_controller/metal/renderers.rb:32:in `render_to_body'
  actionpack (4.1.1) lib/abstract_controller/rendering.rb:25:in `render'
  actionpack (4.1.1) lib/action_controller/metal/rendering.rb:16:in `render'
  actionpack (4.1.1) lib/action_controller/metal/instrumentation.rb:41:in `block (2 levels) in render'
  activesupport (4.1.1) lib/active_support/core_ext/benchmark.rb:12:in `block in ms'
  /Users/richvogt/.rvm/rubies/ruby-2.1.1/lib/ruby/2.1.0/benchmark.rb:294:in `realtime'
  activesupport (4.1.1) lib/active_support/core_ext/benchmark.rb:12:in `ms'
  actionpack (4.1.1) lib/action_controller/metal/instrumentation.rb:41:in `block in render'
  actionpack (4.1.1) lib/action_controller/metal/instrumentation.rb:84:in `cleanup_view_runtime'
  activerecord (4.1.1) lib/active_record/railties/controller_runtime.rb:25:in `cleanup_view_runtime'
  actionpack (4.1.1) lib/action_controller/metal/instrumentation.rb:40:in `render'
  actionpack (4.1.1) lib/action_controller/metal/implicit_render.rb:10:in `default_render'
  actionpack (4.1.1) lib/action_controller/metal/implicit_render.rb:5:in `send_action'
  actionpack (4.1.1) lib/abstract_controller/base.rb:189:in `process_action'
  actionpack (4.1.1) lib/action_controller/metal/rendering.rb:10:in `process_action'
  actionpack (4.1.1) lib/abstract_controller/callbacks.rb:20:in `block in process_action'
  activesupport (4.1.1) lib/active_support/callbacks.rb:113:in `call'
  activesupport (4.1.1) lib/active_support/callbacks.rb:113:in `call'
  activesupport (4.1.1) lib/active_support/callbacks.rb:229:in `block in halting'
  activesupport (4.1.1) lib/active_support/callbacks.rb:229:in `call'
  activesupport (4.1.1) lib/active_support/callbacks.rb:229:in `block in halting'
  activesupport (4.1.1) lib/active_support/callbacks.rb:166:in `call'
  activesupport (4.1.1) lib/active_support/callbacks.rb:166:in `block in halting'
  activesupport (4.1.1) lib/active_support/callbacks.rb:166:in `call'
  activesupport (4.1.1) lib/active_support/callbacks.rb:166:in `block in halting'
  activesupport (4.1.1) lib/active_support/callbacks.rb:166:in `call'
  activesupport (4.1.1) lib/active_support/callbacks.rb:166:in `block in halting'
  activesupport (4.1.1) lib/active_support/callbacks.rb:86:in `call'
  activesupport (4.1.1) lib/active_support/callbacks.rb:86:in `run_callbacks'
  actionpack (4.1.1) lib/abstract_controller/callbacks.rb:19:in `process_action'
  actionpack (4.1.1) lib/action_controller/metal/rescue.rb:29:in `process_action'
  actionpack (4.1.1) lib/action_controller/metal/instrumentation.rb:31:in `block in process_action'
  activesupport (4.1.1) lib/active_support/notifications.rb:159:in `block in instrument'
  activesupport (4.1.1) lib/active_support/notifications/instrumenter.rb:20:in `instrument'
  activesupport (4.1.1) lib/active_support/notifications.rb:159:in `instrument'
  actionpack (4.1.1) lib/action_controller/metal/instrumentation.rb:30:in `process_action'
  actionpack (4.1.1) lib/action_controller/metal/params_wrapper.rb:250:in `process_action'
  activerecord (4.1.1) lib/active_record/railties/controller_runtime.rb:18:in `process_action'
  actionpack (4.1.1) lib/abstract_controller/base.rb:136:in `process'
  actionview (4.1.1) lib/action_view/rendering.rb:30:in `process'
  actionpack (4.1.1) lib/action_controller/metal.rb:195:in `dispatch'
  actionpack (4.1.1) lib/action_controller/metal/rack_delegation.rb:13:in `dispatch'
  actionpack (4.1.1) lib/action_controller/metal.rb:231:in `block in action'
  actionpack (4.1.1) lib/action_dispatch/routing/route_set.rb:80:in `call'
  actionpack (4.1.1) lib/action_dispatch/routing/route_set.rb:80:in `dispatch'
  actionpack (4.1.1) lib/action_dispatch/routing/route_set.rb:48:in `call'
  actionpack (4.1.1) lib/action_dispatch/journey/router.rb:71:in `block in call'
  actionpack (4.1.1) lib/action_dispatch/journey/router.rb:59:in `each'
  actionpack (4.1.1) lib/action_dispatch/journey/router.rb:59:in `call'
  actionpack (4.1.1) lib/action_dispatch/routing/route_set.rb:676:in `call'
  rack (1.5.2) lib/rack/etag.rb:23:in `call'
  rack (1.5.2) lib/rack/conditionalget.rb:35:in `call'
  rack (1.5.2) lib/rack/head.rb:11:in `call'
  actionpack (4.1.1) lib/action_dispatch/middleware/params_parser.rb:27:in `call'
  actionpack (4.1.1) lib/action_dispatch/middleware/flash.rb:254:in `call'
  rack (1.5.2) lib/rack/session/abstract/id.rb:225:in `context'
  rack (1.5.2) lib/rack/session/abstract/id.rb:220:in `call'
  actionpack (4.1.1) lib/action_dispatch/middleware/cookies.rb:560:in `call'
  activerecord (4.1.1) lib/active_record/query_cache.rb:36:in `call'
  activerecord (4.1.1) lib/active_record/connection_adapters/abstract/connection_pool.rb:621:in `call'
  activerecord (4.1.1) lib/active_record/migration.rb:380:in `call'
  actionpack (4.1.1) lib/action_dispatch/middleware/callbacks.rb:29:in `block in call'
  activesupport (4.1.1) lib/active_support/callbacks.rb:82:in `run_callbacks'
  actionpack (4.1.1) lib/action_dispatch/middleware/callbacks.rb:27:in `call'
  actionpack (4.1.1) lib/action_dispatch/middleware/reloader.rb:73:in `call'
  actionpack (4.1.1) lib/action_dispatch/middleware/remote_ip.rb:76:in `call'
  actionpack (4.1.1) lib/action_dispatch/middleware/debug_exceptions.rb:17:in `call'
  actionpack (4.1.1) lib/action_dispatch/middleware/show_exceptions.rb:30:in `call'
  railties (4.1.1) lib/rails/rack/logger.rb:38:in `call_app'
  railties (4.1.1) lib/rails/rack/logger.rb:20:in `block in call'
  activesupport (4.1.1) lib/active_support/tagged_logging.rb:68:in `block in tagged'
  activesupport (4.1.1) lib/active_support/tagged_logging.rb:26:in `tagged'
  activesupport (4.1.1) lib/active_support/tagged_logging.rb:68:in `tagged'
  railties (4.1.1) lib/rails/rack/logger.rb:20:in `call'
  actionpack (4.1.1) lib/action_dispatch/middleware/request_id.rb:21:in `call'
  rack (1.5.2) lib/rack/methodoverride.rb:21:in `call'
  rack (1.5.2) lib/rack/runtime.rb:17:in `call'
  activesupport (4.1.1) lib/active_support/cache/strategy/local_cache_middleware.rb:26:in `call'
  rack (1.5.2) lib/rack/lock.rb:17:in `call'
  actionpack (4.1.1) lib/action_dispatch/middleware/static.rb:64:in `call'
  rack (1.5.2) lib/rack/sendfile.rb:112:in `call'
  railties (4.1.1) lib/rails/engine.rb:514:in `call'
  railties (4.1.1) lib/rails/application.rb:144:in `call'
  rack (1.5.2) lib/rack/lock.rb:17:in `call'
  rack (1.5.2) lib/rack/content_length.rb:14:in `call'
  rack (1.5.2) lib/rack/handler/webrick.rb:60:in `service'
  /Users/richvogt/.rvm/rubies/ruby-2.1.1/lib/ruby/2.1.0/webrick/httpserver.rb:138:in `service'
  /Users/richvogt/.rvm/rubies/ruby-2.1.1/lib/ruby/2.1.0/webrick/httpserver.rb:94:in `run'
  /Users/richvogt/.rvm/rubies/ruby-2.1.1/lib/ruby/2.1.0/webrick/server.rb:295:in `block in start_thread'


  Rendered /Users/richvogt/.rvm/gems/ruby-2.1.1@workout-log/gems/actionpack-4.1.1/lib/action_dispatch/middleware/templates/rescues/missing_template.html.erb within rescues/layout (0.4ms)


Started POST "/workouts" for 127.0.0.1 at 2014-05-26 18:02:12 -0500
Processing by WorkoutsController#create as HTML
  Parameters: {"utf8"=>"✓", "authenticity_token"=>"amFazocDrg66C8hPgl1Hy1qazOtjdEfr4SEm7GfgJQc=", "workout"=>{"title"=>"Hi mom", "text"=>"your mom"}, "commit"=>"Save Workout"}
  Rendered text template (0.0ms)
Completed 200 OK in 2ms (Views: 1.1ms | ActiveRecord: 0.0ms)
  [1m[36m (1.1ms)[0m  [1mCREATE TABLE "schema_migrations" ("version" varchar(255) NOT NULL) [0m
  [1m[35m (0.1ms)[0m  select sqlite_version(*)
  [1m[36m (1.0ms)[0m  [1mCREATE UNIQUE INDEX "unique_schema_migrations" ON "schema_migrations" ("version")[0m
  [1m[35mActiveRecord::SchemaMigration Load (0.1ms)[0m  SELECT "schema_migrations".* FROM "schema_migrations"
Migrating to CreateWorkouts (20140526231922)
  [1m[36m (0.0ms)[0m  [1mbegin transaction[0m
  [1m[35m (0.3ms)[0m  CREATE TABLE "workouts" ("id" INTEGER PRIMARY KEY AUTOINCREMENT NOT NULL, "title" varchar(255), "date" date, "text" text, "created_at" datetime, "updated_at" datetime) 
  [1m[36mSQL (0.1ms)[0m  [1mINSERT INTO "schema_migrations" ("version") VALUES (?)[0m  [["version", "20140526231922"]]
  [1m[35m (1.5ms)[0m  commit transaction
  [1m[36mActiveRecord::SchemaMigration Load (0.1ms)[0m  [1mSELECT "schema_migrations".* FROM "schema_migrations"[0m


Started POST "/workouts" for 127.0.0.1 at 2014-05-26 18:24:33 -0500
  [1m[36mActiveRecord::SchemaMigration Load (0.2ms)[0m  [1mSELECT "schema_migrations".* FROM "schema_migrations"[0m
Processing by WorkoutsController#create as HTML
  Parameters: {"utf8"=>"✓", "authenticity_token"=>"amFazocDrg66C8hPgl1Hy1qazOtjdEfr4SEm7GfgJQc=", "workout"=>{"title"=>"Hi mom", "text"=>"your mom"}, "commit"=>"Save Workout"}
  Rendered text template (0.0ms)
Completed 500 Internal Server Error in 4ms

ActiveModel::ForbiddenAttributesError (ActiveModel::ForbiddenAttributesError):
  app/controllers/workouts_controller.rb:7:in `create'


  Rendered /Users/richvogt/.rvm/gems/ruby-2.1.1@workout-log/gems/actionpack-4.1.1/lib/action_dispatch/middleware/templates/rescues/_source.erb (0.7ms)
  Rendered /Users/richvogt/.rvm/gems/ruby-2.1.1@workout-log/gems/actionpack-4.1.1/lib/action_dispatch/middleware/templates/rescues/_trace.html.erb (1.1ms)
  Rendered /Users/richvogt/.rvm/gems/ruby-2.1.1@workout-log/gems/actionpack-4.1.1/lib/action_dispatch/middleware/templates/rescues/_request_and_response.html.erb (0.9ms)
  Rendered /Users/richvogt/.rvm/gems/ruby-2.1.1@workout-log/gems/actionpack-4.1.1/lib/action_dispatch/middleware/templates/rescues/diagnostics.erb within rescues/layout (14.9ms)
